#
# There is insufficient memory for the Java Runtime Environment to continue.
# Native memory allocation (malloc) failed to allocate 463536 bytes for Chunk::new
# Possible reasons:
#   The system is out of physical RAM or swap space
#   In 32 bit mode, the process size limit was hit
# Possible solutions:
#   Reduce memory load on the system
#   Increase physical memory or swap space
#   Check if swap backing store is full
#   Use 64 bit Java on a 64 bit OS
#   Decrease Java heap size (-Xmx/-Xms)
#   Decrease number of Java threads
#   Decrease Java thread stack sizes (-Xss)
#   Set larger code cache with -XX:ReservedCodeCacheSize=
# This output file may be truncated or incomplete.
#
#  Out of Memory Error (allocation.cpp:390), pid=11516, tid=12648
#
# JRE version: Java(TM) SE Runtime Environment (8.0_45-b15) (build 1.8.0_45-b15)
# Java VM: Java HotSpot(TM) 64-Bit Server VM (25.45-b02 mixed mode windows-amd64 compressed oops)
# Failed to write core dump. Minidumps are not enabled by default on client versions of Windows
#

---------------  T H R E A D  ---------------

Current thread (0x000000001ddd1800):  JavaThread "C2 CompilerThread2" daemon [_thread_in_native, id=12648, stack(0x000000001e590000,0x000000001e690000)]

Stack: [0x000000001e590000,0x000000001e690000]
Native frames: (J=compiled Java code, j=interpreted, Vv=VM code, C=native code)
V  [jvm.dll+0x32b57a]


Current CompileTask:
C2:  15748 2795       4       java.security.SecureClassLoader::defineClass (16 bytes)


---------------  P R O C E S S  ---------------

Java Threads: ( => current thread )
  0x0000000027fff800 JavaThread "default-akka.actor.default-dispatcher-5" [_thread_blocked, id=1036, stack(0x0000000028d40000,0x0000000028e40000)]
  0x0000000027ffe800 JavaThread "default-akka.actor.default-dispatcher-4" [_thread_blocked, id=4556, stack(0x0000000028c40000,0x0000000028d40000)]
  0x0000000028000000 JavaThread "default-akka.actor.default-dispatcher-3" [_thread_blocked, id=13676, stack(0x0000000026e80000,0x0000000026f80000)]
  0x0000000027ffb000 JavaThread "default-akka.actor.default-dispatcher-2" [_thread_blocked, id=15532, stack(0x0000000026440000,0x0000000026540000)]
  0x0000000027ffe000 JavaThread "default-scheduler-1" [_thread_blocked, id=1672, stack(0x0000000025f20000,0x0000000026020000)]
  0x0000000027ffa000 JavaThread "Controller-1-to-broker-1-send-thread" [_thread_blocked, id=15856, stack(0x0000000025b20000,0x0000000025c20000)]
  0x0000000027ffd000 JavaThread "main-EventThread" daemon [_thread_blocked, id=9764, stack(0x0000000025a20000,0x0000000025b20000)]
  0x0000000027ff9800 JavaThread "main-SendThread(127.0.0.1:61501)" daemon [_thread_in_native, id=16028, stack(0x0000000024620000,0x0000000024720000)]
  0x0000000027ffb800 JavaThread "ZkClient-EventThread-53-127.0.0.1:61501" daemon [_thread_blocked, id=10084, stack(0x0000000024520000,0x0000000024620000)]
  0x0000000027ffc800 JavaThread "delete-topics-thread-1" [_thread_blocked, id=5172, stack(0x0000000029250000,0x0000000029350000)]
  0x0000000027ff8800 JavaThread "kafka-scheduler-0" daemon [_thread_blocked, id=13644, stack(0x0000000029150000,0x0000000029250000)]
  0x0000000020713800 JavaThread "kafka-scheduler-6" daemon [_thread_blocked, id=13800, stack(0x0000000027b70000,0x0000000027c70000)]
  0x0000000020714800 JavaThread "kafka-scheduler-5" daemon [_thread_blocked, id=13792, stack(0x0000000027a70000,0x0000000027b70000)]
  0x0000000020710000 JavaThread "kafka-request-handler-7" daemon [_thread_blocked, id=14868, stack(0x0000000027970000,0x0000000027a70000)]
  0x0000000020712000 JavaThread "kafka-request-handler-6" daemon [_thread_blocked, id=11652, stack(0x0000000027870000,0x0000000027970000)]
  0x0000000020713000 JavaThread "kafka-request-handler-5" daemon [_thread_blocked, id=14140, stack(0x0000000027770000,0x0000000027870000)]
  0x000000002070f000 JavaThread "kafka-request-handler-4" daemon [_thread_blocked, id=1200, stack(0x0000000027670000,0x0000000027770000)]
  0x0000000020711800 JavaThread "kafka-request-handler-3" daemon [_thread_blocked, id=9476, stack(0x0000000027570000,0x0000000027670000)]
  0x0000000020710800 JavaThread "kafka-request-handler-2" daemon [_thread_blocked, id=1084, stack(0x0000000027470000,0x0000000027570000)]
  0x000000002070b800 JavaThread "kafka-request-handler-1" daemon [_thread_blocked, id=8612, stack(0x0000000027370000,0x0000000027470000)]
  0x000000002070d800 JavaThread "kafka-request-handler-0" daemon [_thread_blocked, id=16476, stack(0x0000000027270000,0x0000000027370000)]
  0x000000002070e800 JavaThread "request-expiration-task" [_thread_blocked, id=4744, stack(0x0000000027170000,0x0000000027270000)]
  0x000000002070c000 JavaThread "request-expiration-task" [_thread_blocked, id=12424, stack(0x0000000027070000,0x0000000027170000)]
  0x000000002070a800 JavaThread "kafka-scheduler-4" daemon [_thread_blocked, id=12904, stack(0x0000000025ce0000,0x0000000025de0000)]
  0x000000002070d000 JavaThread "kafka-scheduler-3" daemon [_thread_blocked, id=8936, stack(0x0000000026b80000,0x0000000026c80000)]
  0x0000000020707800 JavaThread "kafka-socket-acceptor" [_thread_in_native, id=16248, stack(0x0000000026a80000,0x0000000026b80000)]
  0x0000000020706800 JavaThread "kafka-network-thread-61529-2" [_thread_in_native, id=11600, stack(0x0000000026980000,0x0000000026a80000)]
  0x000000002070a000 JavaThread "kafka-network-thread-61529-1" [_thread_in_native, id=1512, stack(0x0000000026880000,0x0000000026980000)]
  0x0000000020706000 JavaThread "kafka-network-thread-61529-0" [_thread_in_native, id=7972, stack(0x0000000026780000,0x0000000026880000)]
  0x0000000020709000 JavaThread "metrics-meter-tick-thread-2" daemon [_thread_blocked, id=15776, stack(0x0000000026680000,0x0000000026780000)]
  0x0000000020705000 JavaThread "metrics-meter-tick-thread-1" daemon [_thread_blocked, id=5256, stack(0x0000000026580000,0x0000000026680000)]
  0x0000000020708800 JavaThread "kafka-scheduler-2" daemon [_thread_blocked, id=10360, stack(0x0000000026140000,0x0000000026240000)]
  0x000000001f891000 JavaThread "kafka-scheduler-1" daemon [_thread_blocked, id=15184, stack(0x0000000026040000,0x0000000026140000)]
  0x000000001f88f800 JavaThread "kafka-scheduler-0" daemon [_thread_blocked, id=11672, stack(0x0000000025e20000,0x0000000025f20000)]
  0x000000001f88e000 JavaThread "main-EventThread" daemon [_thread_blocked, id=6504, stack(0x0000000024950000,0x0000000024a50000)]
  0x000000001f890000 JavaThread "main-SendThread(127.0.0.1:61501)" daemon [_thread_in_native, id=2768, stack(0x0000000024850000,0x0000000024950000)]
  0x000000001f88e800 JavaThread "ZkClient-EventThread-25-127.0.0.1:61501" daemon [_thread_blocked, id=13908, stack(0x0000000024750000,0x0000000024850000)]
  0x000000001f014000 JavaThread "CuratorFramework-0" daemon [_thread_blocked, id=12716, stack(0x0000000023d20000,0x0000000023e20000)]
  0x000000001f00e000 JavaThread "main-EventThread" daemon [_thread_blocked, id=5228, stack(0x0000000023c20000,0x0000000023d20000)]
  0x00000000211fe800 JavaThread "main-SendThread(127.0.0.1:61501)" daemon [_thread_in_native, id=14008, stack(0x0000000023b20000,0x0000000023c20000)]
  0x000000001fc19000 JavaThread "ProcessThread(sid:0 cport:-1):" [_thread_blocked, id=6284, stack(0x0000000023920000,0x0000000023a20000)]
  0x000000001fc18800 JavaThread "SyncThread:0" [_thread_blocked, id=4996, stack(0x0000000023820000,0x0000000023920000)]
  0x0000000020d7e800 JavaThread "SessionTracker" [_thread_blocked, id=10504, stack(0x0000000023720000,0x0000000023820000)]
  0x0000000020d7d800 JavaThread "NIOServerCxn.Factory:0.0.0.0/0.0.0.0:61501" daemon [_thread_in_native, id=16812, stack(0x0000000023620000,0x0000000023720000)]
  0x000000002199a800 JavaThread "ConnectionStateManager-0" daemon [_thread_blocked, id=2724, stack(0x00000000230f0000,0x00000000231f0000)]
  0x00000000211ff800 JavaThread "Thread-1" [_thread_blocked, id=16196, stack(0x0000000022d50000,0x0000000022e50000)]
  0x000000002034a000 JavaThread "com.google.inject.internal.util.$Finalizer" daemon [_thread_blocked, id=12224, stack(0x0000000022830000,0x0000000022930000)]
  0x000000001f295800 JavaThread "ReaderThread" [_thread_in_native, id=12100, stack(0x0000000020160000,0x0000000020260000)]
  0x000000001de12800 JavaThread "Service Thread" daemon [_thread_blocked, id=2836, stack(0x000000001e790000,0x000000001e890000)]
  0x000000001ddd4800 JavaThread "C1 CompilerThread3" daemon [_thread_blocked, id=1492, stack(0x000000001e690000,0x000000001e790000)]
=>0x000000001ddd1800 JavaThread "C2 CompilerThread2" daemon [_thread_in_native, id=12648, stack(0x000000001e590000,0x000000001e690000)]
  0x000000001ddca000 JavaThread "C2 CompilerThread1" daemon [_thread_in_native, id=14784, stack(0x000000001e490000,0x000000001e590000)]
  0x000000001ddc2800 JavaThread "C2 CompilerThread0" daemon [_thread_in_native, id=12304, stack(0x000000001e390000,0x000000001e490000)]
  0x000000001ddc1000 JavaThread "Attach Listener" daemon [_thread_blocked, id=10616, stack(0x000000001e290000,0x000000001e390000)]
  0x000000001ddc0000 JavaThread "Signal Dispatcher" daemon [_thread_blocked, id=11360, stack(0x000000001e190000,0x000000001e290000)]
  0x000000001bda0800 JavaThread "Finalizer" daemon [_thread_blocked, id=10284, stack(0x000000001dc90000,0x000000001dd90000)]
  0x000000001bd99800 JavaThread "Reference Handler" daemon [_thread_blocked, id=9148, stack(0x000000001db90000,0x000000001dc90000)]
  0x000000000223e800 JavaThread "main" [_thread_in_native, id=6868, stack(0x0000000002130000,0x0000000002230000)]

Other Threads:
  0x000000000233e800 VMThread [stack: 0x000000001da90000,0x000000001db90000] [id=8840]
  0x000000001de13800 WatcherThread [stack: 0x000000001e890000,0x000000001e990000] [id=15800]

VM state:not at safepoint (normal execution)

VM Mutex/Monitor currently owned by a thread: None

Heap:
 PSYoungGen      total 118272K, used 89180K [0x000000076b180000, 0x0000000774380000, 0x00000007c0000000)
  eden space 107520K, 82% used [0x000000076b180000,0x0000000770897060,0x0000000771a80000)
  from space 10752K, 0% used [0x0000000772e80000,0x0000000772e80000,0x0000000773900000)
  to   space 7680K, 0% used [0x0000000773c00000,0x0000000773c00000,0x0000000774380000)
 ParOldGen       total 91648K, used 11781K [0x00000006c1400000, 0x00000006c6d80000, 0x000000076b180000)
  object space 91648K, 12% used [0x00000006c1400000,0x00000006c1f81690,0x00000006c6d80000)
 Metaspace       used 39931K, capacity 40396K, committed 40488K, reserved 1083392K
  class space    used 5489K, capacity 5642K, committed 5672K, reserved 1048576K

Card table byte_map: [0x0000000011700000,0x0000000011f00000] byte_map_base: 0x000000000e0f6000

Marking Bits: (ParMarkBitMap*) 0x000000005e684040
 Begin Bits: [0x0000000012c50000, 0x0000000016c00000)
 End Bits:   [0x0000000016c00000, 0x000000001abb0000)

Polling page: 0x0000000000740000

CodeCache: size=245760Kb used=7715Kb max_used=7727Kb free=238044Kb
 bounds [0x0000000002340000, 0x0000000002ae0000, 0x0000000011340000]
 total_blobs=3042 nmethods=2540 adapters=414
 compilation: enabled

Compilation events (10 events):
Event: 15.677 Thread 0x000000001ddc2800 nmethod 2790 0x0000000002ac16d0 code [0x0000000002ac1820, 0x0000000002ac1938]
Event: 15.691 Thread 0x000000001ddd1800 2791       4       java.lang.ClassLoader::defineClass (43 bytes)
Event: 15.695 Thread 0x000000001ddca000 2792       4       java.net.URLStreamHandler::equals (45 bytes)
Event: 15.700 Thread 0x000000001ddc2800 2793       4       java.net.URLStreamHandler::sameFile (136 bytes)
Event: 15.716 Thread 0x000000001ddd1800 nmethod 2791 0x0000000002ad32d0 code [0x0000000002ad34a0, 0x0000000002ad3f68]
Event: 15.716 Thread 0x000000001ddd1800 2794       4       java.security.CodeSource::matchCerts (254 bytes)
Event: 15.717 Thread 0x000000001ddd1800 nmethod 2794 0x0000000002abae90 code [0x0000000002abafe0, 0x0000000002abb0d8]
Event: 15.717 Thread 0x000000001ddd1800 2795       4       java.security.SecureClassLoader::defineClass (16 bytes)
Event: 15.722 Thread 0x000000001ddd4800 2797       3       org.elasticsearch.common.collect.AbstractIndexedListIterator::hasNext (17 bytes)
Event: 15.722 Thread 0x000000001ddd4800 nmethod 2797 0x0000000002abab10 code [0x0000000002abac60, 0x0000000002abae10]

GC Heap History (10 events):
Event: 2.565 GC heap before
{Heap before GC invocations=3 (full 0):
 PSYoungGen      total 76288K, used 20425K [0x000000076b180000, 0x0000000770680000, 0x00000007c0000000)
  eden space 65536K, 14% used [0x000000076b180000,0x000000076baf2640,0x000000076f180000)
  from space 10752K, 99% used [0x000000076fc00000,0x000000077067ff80,0x0000000770680000)
  to   space 10752K, 0% used [0x000000076f180000,0x000000076f180000,0x000000076fc00000)
 ParOldGen       total 175104K, used 437K [0x00000006c1400000, 0x00000006cbf00000, 0x000000076b180000)
  object space 175104K, 0% used [0x00000006c1400000,0x00000006c146d4e8,0x00000006cbf00000)
 Metaspace       used 20928K, capacity 21080K, committed 21296K, reserved 1069056K
  class space    used 2570K, capacity 2634K, committed 2688K, reserved 1048576K
Event: 2.569 GC heap after
Heap after GC invocations=3 (full 0):
 PSYoungGen      total 76288K, used 5426K [0x000000076b180000, 0x0000000774680000, 0x00000007c0000000)
  eden space 65536K, 0% used [0x000000076b180000,0x000000076b180000,0x000000076f180000)
  from space 10752K, 50% used [0x000000076f180000,0x000000076f6ccb10,0x000000076fc00000)
  to   space 10752K, 0% used [0x0000000773c00000,0x0000000773c00000,0x0000000774680000)
 ParOldGen       total 175104K, used 509K [0x00000006c1400000, 0x00000006cbf00000, 0x000000076b180000)
  object space 175104K, 0% used [0x00000006c1400000,0x00000006c147f4f8,0x00000006cbf00000)
 Metaspace       used 20928K, capacity 21080K, committed 21296K, reserved 1069056K
  class space    used 2570K, capacity 2634K, committed 2688K, reserved 1048576K
}
Event: 2.569 GC heap before
{Heap before GC invocations=4 (full 1):
 PSYoungGen      total 76288K, used 5426K [0x000000076b180000, 0x0000000774680000, 0x00000007c0000000)
  eden space 65536K, 0% used [0x000000076b180000,0x000000076b180000,0x000000076f180000)
  from space 10752K, 50% used [0x000000076f180000,0x000000076f6ccb10,0x000000076fc00000)
  to   space 10752K, 0% used [0x0000000773c00000,0x0000000773c00000,0x0000000774680000)
 ParOldGen       total 175104K, used 509K [0x00000006c1400000, 0x00000006cbf00000, 0x000000076b180000)
  object space 175104K, 0% used [0x00000006c1400000,0x00000006c147f4f8,0x00000006cbf00000)
 Metaspace       used 20928K, capacity 21080K, committed 21296K, reserved 1069056K
  class space    used 2570K, capacity 2634K, committed 2688K, reserved 1048576K
Event: 2.592 GC heap after
Heap after GC invocations=4 (full 1):
 PSYoungGen      total 76288K, used 0K [0x000000076b180000, 0x0000000774680000, 0x00000007c0000000)
  eden space 65536K, 0% used [0x000000076b180000,0x000000076b180000,0x000000076f180000)
  from space 10752K, 0% used [0x000000076f180000,0x000000076f180000,0x000000076fc00000)
  to   space 10752K, 0% used [0x0000000773c00000,0x0000000773c00000,0x0000000774680000)
 ParOldGen       total 91648K, used 5360K [0x00000006c1400000, 0x00000006c6d80000, 0x000000076b180000)
  object space 91648K, 5% used [0x00000006c1400000,0x00000006c193c0f8,0x00000006c6d80000)
 Metaspace       used 20924K, capacity 21074K, committed 21296K, reserved 1069056K
  class space    used 2570K, capacity 2633K, committed 2688K, reserved 1048576K
}
Event: 9.774 GC heap before
{Heap before GC invocations=5 (full 1):
 PSYoungGen      total 76288K, used 65536K [0x000000076b180000, 0x0000000774680000, 0x00000007c0000000)
  eden space 65536K, 100% used [0x000000076b180000,0x000000076f180000,0x000000076f180000)
  from space 10752K, 0% used [0x000000076f180000,0x000000076f180000,0x000000076fc00000)
  to   space 10752K, 0% used [0x0000000773c00000,0x0000000773c00000,0x0000000774680000)
 ParOldGen       total 91648K, used 5360K [0x00000006c1400000, 0x00000006c6d80000, 0x000000076b180000)
  object space 91648K, 5% used [0x00000006c1400000,0x00000006c193c0f8,0x00000006c6d80000)
 Metaspace       used 28769K, capacity 28982K, committed 29312K, reserved 1075200K
  class space    used 3873K, capacity 3947K, committed 3968K, reserved 1048576K
Event: 9.779 GC heap after
Heap after GC invocations=5 (full 1):
 PSYoungGen      total 115200K, used 7673K [0x000000076b180000, 0x0000000774380000, 0x00000007c0000000)
  eden space 107520K, 0% used [0x000000076b180000,0x000000076b180000,0x0000000771a80000)
  from space 7680K, 99% used [0x0000000773c00000,0x000000077437e6a8,0x0000000774380000)
  to   space 10752K, 0% used [0x0000000772e80000,0x0000000772e80000,0x0000000773900000)
 ParOldGen       total 91648K, used 5368K [0x00000006c1400000, 0x00000006c6d80000, 0x000000076b180000)
  object space 91648K, 5% used [0x00000006c1400000,0x00000006c193e0f8,0x00000006c6d80000)
 Metaspace       used 28769K, capacity 28982K, committed 29312K, reserved 1075200K
  class space    used 3873K, capacity 3947K, committed 3968K, reserved 1048576K
}
Event: 14.839 GC heap before
{Heap before GC invocations=6 (full 1):
 PSYoungGen      total 115200K, used 86316K [0x000000076b180000, 0x0000000774380000, 0x00000007c0000000)
  eden space 107520K, 73% used [0x000000076b180000,0x000000076fe4cb08,0x0000000771a80000)
  from space 7680K, 99% used [0x0000000773c00000,0x000000077437e6a8,0x0000000774380000)
  to   space 10752K, 0% used [0x0000000772e80000,0x0000000772e80000,0x0000000773900000)
 ParOldGen       total 91648K, used 5368K [0x00000006c1400000, 0x00000006c6d80000, 0x000000076b180000)
  object space 91648K, 5% used [0x00000006c1400000,0x00000006c193e0f8,0x00000006c6d80000)
 Metaspace       used 35114K, capacity 35338K, committed 35496K, reserved 1079296K
  class space    used 4906K, capacity 4997K, committed 5032K, reserved 1048576K
Event: 14.845 GC heap after
Heap after GC invocations=6 (full 1):
 PSYoungGen      total 118272K, used 7574K [0x000000076b180000, 0x0000000774380000, 0x00000007c0000000)
  eden space 107520K, 0% used [0x000000076b180000,0x000000076b180000,0x0000000771a80000)
  from space 10752K, 70% used [0x0000000772e80000,0x00000007735e59f0,0x0000000773900000)
  to   space 7680K, 0% used [0x0000000773c00000,0x0000000773c00000,0x0000000774380000)
 ParOldGen       total 91648K, used 5376K [0x00000006c1400000, 0x00000006c6d80000, 0x000000076b180000)
  object space 91648K, 5% used [0x00000006c1400000,0x00000006c19400f8,0x00000006c6d80000)
 Metaspace       used 35114K, capacity 35338K, committed 35496K, reserved 1079296K
  class space    used 4906K, capacity 4997K, committed 5032K, reserved 1048576K
}
Event: 14.845 GC heap before
{Heap before GC invocations=7 (full 2):
 PSYoungGen      total 118272K, used 7574K [0x000000076b180000, 0x0000000774380000, 0x00000007c0000000)
  eden space 107520K, 0% used [0x000000076b180000,0x000000076b180000,0x0000000771a80000)
  from space 10752K, 70% used [0x0000000772e80000,0x00000007735e59f0,0x0000000773900000)
  to   space 7680K, 0% used [0x0000000773c00000,0x0000000773c00000,0x0000000774380000)
 ParOldGen       total 91648K, used 5376K [0x00000006c1400000, 0x00000006c6d80000, 0x000000076b180000)
  object space 91648K, 5% used [0x00000006c1400000,0x00000006c19400f8,0x00000006c6d80000)
 Metaspace       used 35114K, capacity 35338K, committed 35496K, reserved 1079296K
  class space    used 4906K, capacity 4997K, committed 5032K, reserved 1048576K
Event: 14.909 GC heap after
Heap after GC invocations=7 (full 2):
 PSYoungGen      total 118272K, used 0K [0x000000076b180000, 0x0000000774380000, 0x00000007c0000000)
  eden space 107520K, 0% used [0x000000076b180000,0x000000076b180000,0x0000000771a80000)
  from space 10752K, 0% used [0x0000000772e80000,0x0000000772e80000,0x0000000773900000)
  to   space 7680K, 0% used [0x0000000773c00000,0x0000000773c00000,0x0000000774380000)
 ParOldGen       total 91648K, used 11781K [0x00000006c1400000, 0x00000006c6d80000, 0x000000076b180000)
  object space 91648K, 12% used [0x00000006c1400000,0x00000006c1f81690,0x00000006c6d80000)
 Metaspace       used 35114K, capacity 35338K, committed 35496K, reserved 1079296K
  class space    used 4906K, capacity 4997K, committed 5032K, reserved 1048576K
}

Deoptimization events (10 events):
Event: 14.552 Thread 0x000000000223e800 Uncommon trap: reason=unstable_if action=reinterpret pc=0x00000000028fd94c method=java.lang.reflect.Field.getFieldAccessor(Ljava/lang/Object;)Lsun/reflect/FieldAccessor; @ 22
Event: 14.704 Thread 0x0000000027ffe000 Uncommon trap: reason=unstable_if action=reinterpret pc=0x000000000277ccbc method=akka.dispatch.AbstractNodeQueue.pollNode()Lakka/dispatch/AbstractNodeQueue$Node; @ 20
Event: 14.957 Thread 0x000000000223e800 Uncommon trap: reason=unstable_if action=reinterpret pc=0x000000000293babc method=java.util.concurrent.ConcurrentHashMap.putVal(Ljava/lang/Object;Ljava/lang/Object;Z)Ljava/lang/Object; @ 195
Event: 15.145 Thread 0x000000000223e800 Uncommon trap: reason=bimorphic action=maybe_recompile pc=0x00000000027afb58 method=java.util.AbstractCollection.isEmpty()Z @ 1
Event: 15.163 Thread 0x000000000223e800 Uncommon trap: reason=unstable_if action=reinterpret pc=0x0000000002682c68 method=java.util.regex.Pattern$BmpCharProperty.match(Ljava/util/regex/Matcher;ILjava/lang/CharSequence;)Z @ 34
Event: 15.235 Thread 0x000000000223e800 Uncommon trap: reason=unstable_if action=reinterpret pc=0x000000000277be30 method=java.io.WinNTFileSystem.resolve(Ljava/lang/String;Ljava/lang/String;)Ljava/lang/String; @ 36
Event: 15.573 Thread 0x000000000223e800 Uncommon trap: reason=class_check action=maybe_recompile pc=0x00000000028b6858 method=java.io.DataInputStream.readUnsignedShort()I @ 4
Event: 15.573 Thread 0x000000000223e800 Uncommon trap: reason=class_check action=maybe_recompile pc=0x00000000028b6858 method=java.io.DataInputStream.readUnsignedShort()I @ 4
Event: 15.573 Thread 0x000000000223e800 Uncommon trap: reason=class_check action=maybe_recompile pc=0x00000000028b6858 method=java.io.DataInputStream.readUnsignedShort()I @ 4
Event: 15.573 Thread 0x000000000223e800 Uncommon trap: reason=class_check action=maybe_recompile pc=0x00000000028b6858 method=java.io.DataInputStream.readUnsignedShort()I @ 4

Internal exceptions (10 events):
Event: 9.491 Thread 0x000000000223e800 Exception <a 'java/lang/ClassNotFoundException': org/apache/log4j/LayoutCustomizer> (0x000000076dc967b8) thrown at [C:\re\workspace\8-2-build-windows-amd64-cygwin\jdk8u45\3627\hotspot\src\share\vm\classfile\systemDictionary.cpp, line 210]
Event: 9.493 Thread 0x000000000223e800 Exception <a 'java/lang/ClassNotFoundException': org/apache/log4j/PatternLayoutCustomizer> (0x000000076dcdd1a8) thrown at [C:\re\workspace\8-2-build-windows-amd64-cygwin\jdk8u45\3627\hotspot\src\share\vm\classfile\systemDictionary.cpp, line 210]
Event: 9.495 Thread 0x000000000223e800 Exception <a 'java/lang/ClassNotFoundException': org/apache/log4j/ConsoleAppenderBeanInfo> (0x000000076dd19578) thrown at [C:\re\workspace\8-2-build-windows-amd64-cygwin\jdk8u45\3627\hotspot\src\share\vm\classfile\systemDictionary.cpp, line 210]
Event: 9.497 Thread 0x000000000223e800 Exception <a 'java/lang/ClassNotFoundException': org/apache/log4j/WriterAppenderBeanInfo> (0x000000076dd4db68) thrown at [C:\re\workspace\8-2-build-windows-amd64-cygwin\jdk8u45\3627\hotspot\src\share\vm\classfile\systemDictionary.cpp, line 210]
Event: 9.499 Thread 0x000000000223e800 Exception <a 'java/lang/ClassNotFoundException': org/apache/log4j/AppenderSkeletonBeanInfo> (0x000000076dd82fa0) thrown at [C:\re\workspace\8-2-build-windows-amd64-cygwin\jdk8u45\3627\hotspot\src\share\vm\classfile\systemDictionary.cpp, line 210]
Event: 9.501 Thread 0x000000000223e800 Exception <a 'java/lang/ClassNotFoundException': org/apache/log4j/AppenderSkeletonCustomizer> (0x000000076ddbaa00) thrown at [C:\re\workspace\8-2-build-windows-amd64-cygwin\jdk8u45\3627\hotspot\src\share\vm\classfile\systemDictionary.cpp, line 210]
Event: 9.502 Thread 0x000000000223e800 Exception <a 'java/lang/ClassNotFoundException': org/apache/log4j/WriterAppenderCustomizer> (0x000000076de053f8) thrown at [C:\re\workspace\8-2-build-windows-amd64-cygwin\jdk8u45\3627\hotspot\src\share\vm\classfile\systemDictionary.cpp, line 210]
Event: 9.505 Thread 0x000000000223e800 Exception <a 'java/lang/ClassNotFoundException': org/apache/log4j/ConsoleAppenderCustomizer> (0x000000076de46f50) thrown at [C:\re\workspace\8-2-build-windows-amd64-cygwin\jdk8u45\3627\hotspot\src\share\vm\classfile\systemDictionary.cpp, line 210]
Event: 14.552 Thread 0x000000000223e800 Implicit null exception at 0x00000000028fd81d to 0x00000000028fd931
Event: 15.068 Thread 0x000000000223e800 Exception <a 'java/lang/NoSuchMethodError': java.lang.Object.lambda$andThen$6(Ljava/util/function/Function;Ljava/lang/Object;)Ljava/lang/Object;> (0x000000076beb32f8) thrown at [C:\re\workspace\8-2-build-windows-amd64-cygwin\jdk8u45\3627\hotspot\src\share\

Events (10 events):
Event: 15.726 loading class org/elasticsearch/common/compress/lzf/LZFCompressor
Event: 15.726 loading class org/elasticsearch/common/compress/lzf/LZFCompressor done
Event: 15.727 loading class org/elasticsearch/common/compress/lzf/LZFCompressedStreamInput
Event: 15.727 loading class org/elasticsearch/common/compress/lzf/LZFCompressedStreamInput done
Event: 15.728 loading class org/elasticsearch/common/compress/CompressedStreamOutput
Event: 15.728 loading class org/elasticsearch/common/compress/CompressedStreamOutput done
Event: 15.728 loading class org/elasticsearch/common/compress/lzf/LZFCompressedStreamOutput
Event: 15.728 loading class org/elasticsearch/common/compress/lzf/LZFCompressedStreamOutput done
Event: 15.729 loading class org/elasticsearch/common/compress/CompressedIndexInput
Event: 15.729 loading class org/elasticsearch/common/compress/CompressedIndexInput done


Dynamic libraries:
0x00007ff726fb0000 - 0x00007ff726fe7000 	C:\Program Files\Java\jdk1.8.0_45\bin\javaw.exe
0x00007ff95f5e0000 - 0x00007ff95f78c000 	C:\windows\SYSTEM32\ntdll.dll
0x00007ff95f490000 - 0x00007ff95f5ce000 	C:\windows\system32\KERNEL32.DLL
0x00007ff95c9f0000 - 0x00007ff95cb05000 	C:\windows\system32\KERNELBASE.dll
0x00007ff95b2e0000 - 0x00007ff95b36e000 	C:\windows\system32\apphelp.dll
0x00007ff94c500000 - 0x00007ff94c553000 	C:\windows\AppPatch\AppPatch64\AcGenral.DLL
0x00007ff95d1a0000 - 0x00007ff95d24a000 	C:\windows\system32\msvcrt.dll
0x00007ff95c5e0000 - 0x00007ff95c60e000 	C:\windows\SYSTEM32\SspiCli.dll
0x00007ff95ebe0000 - 0x00007ff95ec34000 	C:\windows\system32\SHLWAPI.dll
0x00007ff95efb0000 - 0x00007ff95f127000 	C:\windows\system32\USER32.dll
0x00007ff95d250000 - 0x00007ff95d3e4000 	C:\windows\system32\ole32.dll
0x00007ff95d4e0000 - 0x00007ff95e9f9000 	C:\windows\system32\SHELL32.dll
0x00007ff95bd60000 - 0x00007ff95bd81000 	C:\windows\SYSTEM32\USERENV.dll
0x00007ff95d0f0000 - 0x00007ff95d19a000 	C:\windows\system32\ADVAPI32.dll
0x00007ff948470000 - 0x00007ff94848e000 	C:\windows\SYSTEM32\MPR.dll
0x00007ff95cf30000 - 0x00007ff95d071000 	C:\windows\system32\RPCRT4.dll
0x00007ff95ece0000 - 0x00007ff95ed39000 	C:\windows\SYSTEM32\sechost.dll
0x00007ff95f210000 - 0x00007ff95f421000 	C:\windows\SYSTEM32\combase.dll
0x00007ff95cde0000 - 0x00007ff95cf30000 	C:\windows\system32\GDI32.dll
0x00007ff95c740000 - 0x00007ff95c755000 	C:\windows\SYSTEM32\profapi.dll
0x00007ff95ac90000 - 0x00007ff95ad42000 	C:\windows\SYSTEM32\SHCORE.dll
0x00007ff95ec40000 - 0x00007ff95ec76000 	C:\windows\system32\IMM32.DLL
0x00007ff95cc80000 - 0x00007ff95cdd2000 	C:\windows\system32\MSCTF.dll
0x00007ff95a660000 - 0x00007ff95a8da000 	C:\windows\WinSxS\amd64_microsoft.windows.common-controls_6595b64144ccf1df_6.0.9600.17810_none_6240b9c7ecbd0bda\COMCTL32.dll
0x0000000060850000 - 0x0000000060922000 	C:\Program Files\Java\jdk1.8.0_45\jre\bin\msvcr100.dll
0x000000005de80000 - 0x000000005e703000 	C:\Program Files\Java\jdk1.8.0_45\jre\bin\server\jvm.dll
0x00007ff957ac0000 - 0x00007ff957ac9000 	C:\windows\SYSTEM32\WSOCK32.dll
0x00007ff954af0000 - 0x00007ff954b12000 	C:\windows\SYSTEM32\WINMM.dll
0x00007ff957f70000 - 0x00007ff957f7a000 	C:\windows\SYSTEM32\VERSION.dll
0x00007ff95f1f0000 - 0x00007ff95f1f7000 	C:\windows\system32\PSAPI.DLL
0x00007ff95ec80000 - 0x00007ff95ecda000 	C:\windows\system32\WS2_32.dll
0x00007ff954870000 - 0x00007ff95489a000 	C:\windows\SYSTEM32\WINMMBASE.dll
0x00007ff95f200000 - 0x00007ff95f209000 	C:\windows\system32\NSI.dll
0x00007ff95cb70000 - 0x00007ff95cbbf000 	C:\windows\SYSTEM32\cfgmgr32.dll
0x00007ff95b550000 - 0x00007ff95b578000 	C:\windows\SYSTEM32\DEVOBJ.dll
0x0000000060840000 - 0x000000006084f000 	C:\Program Files\Java\jdk1.8.0_45\jre\bin\verify.dll
0x0000000060810000 - 0x0000000060839000 	C:\Program Files\Java\jdk1.8.0_45\jre\bin\java.dll
0x000000005fd60000 - 0x000000005fd76000 	C:\Program Files\Java\jdk1.8.0_45\jre\bin\zip.dll
0x000000005fd40000 - 0x000000005fd5a000 	C:\Program Files\Java\jdk1.8.0_45\jre\bin\net.dll
0x00007ff95c020000 - 0x00007ff95c079000 	C:\windows\system32\mswsock.dll
0x0000000060800000 - 0x000000006080d000 	C:\Program Files\Java\jdk1.8.0_45\jre\bin\management.dll
0x00007ff95c080000 - 0x00007ff95c0a0000 	C:\windows\SYSTEM32\CRYPTSP.dll
0x00007ff95bc50000 - 0x00007ff95bc86000 	C:\windows\system32\rsaenh.dll
0x00007ff95c2d0000 - 0x00007ff95c2f6000 	C:\windows\SYSTEM32\bcrypt.dll
0x00007ff95c610000 - 0x00007ff95c673000 	C:\windows\system32\bcryptprimitives.dll
0x00007ff95c680000 - 0x00007ff95c68b000 	C:\windows\SYSTEM32\CRYPTBASE.dll
0x00007ff957a90000 - 0x00007ff957aba000 	C:\windows\SYSTEM32\IPHLPAPI.DLL
0x00007ff9576c0000 - 0x00007ff9576ca000 	C:\windows\SYSTEM32\WINNSI.DLL
0x00007ff957180000 - 0x00007ff957196000 	C:\windows\SYSTEM32\dhcpcsvc6.DLL
0x00007ff9572d0000 - 0x00007ff9572ea000 	C:\windows\SYSTEM32\dhcpcsvc.DLL
0x000000005fd20000 - 0x000000005fd31000 	C:\Program Files\Java\jdk1.8.0_45\jre\bin\nio.dll
0x00007ff955070000 - 0x00007ff95507a000 	C:\Users\Alex\AppData\Local\Temp\jansi-64-2385703268198591579.dll
0x00007ff94d0a0000 - 0x00007ff94d0b5000 	C:\windows\system32\napinsp.dll
0x00007ff94d0c0000 - 0x00007ff94d0da000 	C:\windows\system32\pnrpnsp.dll
0x00007ff9580f0000 - 0x00007ff95810b000 	C:\windows\system32\NLAapi.dll
0x00007ff95be20000 - 0x00007ff95bec4000 	C:\windows\SYSTEM32\DNSAPI.dll
0x00007ff94d0e0000 - 0x00007ff94d0ed000 	C:\windows\System32\winrnr.dll
0x00007ff94d0f0000 - 0x00007ff94d104000 	C:\windows\system32\wshbth.dll
0x00007ff94d6c0000 - 0x00007ff94d6ca000 	C:\Windows\System32\rasadhlp.dll
0x00007ff9571a0000 - 0x00007ff95720b000 	C:\windows\System32\fwpuclnt.dll
0x00007ff959f00000 - 0x00007ff95a089000 	C:\windows\SYSTEM32\dbghelp.dll

VM Arguments:
jvm_args: -Dhadoop.home.dir=C:\Users\Alex\git\Aleph2-contrib\aleph2_storage_service_hdfs\win_hadoop_home -Djava.library.path=C:\Users\Alex\git\Aleph2-contrib\aleph2_storage_service_hdfs\win_hadoop_home\bin\hadoop.dll -Dfile.encoding=Cp1252 
java_command: org.eclipse.jdt.internal.junit.runner.RemoteTestRunner -version 3 -port 61494 -testLoaderClass org.eclipse.jdt.internal.junit4.runner.JUnit4TestLoader -loaderpluginname org.eclipse.jdt.junit4.runtime -test com.ikanow.aleph2.analytics.storm.services.TestStreamingEnrichmentContextService:test_ExternalContextCreation
java_class_path (initial): C:\Users\Alex\git\Aleph2-contrib\aleph2_analytic_services_storm\target\test-classes;C:\Users\Alex\git\Aleph2-contrib\aleph2_analytic_services_storm\target\classes;C:\Program Files\Java\jdk1.8.0_45\lib\tools.jar;C:\Users\Alex\.m2\repository\junit\junit\4.12\junit-4.12.jar;C:\Users\Alex\.m2\repository\org\hamcrest\hamcrest-core\1.3\hamcrest-core-1.3.jar;C:\Users\Alex\git\Aleph2\aleph2_data_model\target\classes;C:\Users\Alex\.m2\repository\cglib\cglib-nodep\3.1\cglib-nodep-3.1.jar;C:\Users\Alex\.m2\repository\com\fasterxml\jackson\core\jackson-core\2.5.2\jackson-core-2.5.2.jar;C:\Users\Alex\.m2\repository\com\fasterxml\jackson\core\jackson-databind\2.5.2\jackson-databind-2.5.2.jar;C:\Users\Alex\.m2\repository\com\fasterxml\jackson\core\jackson-annotations\2.5.0\jackson-annotations-2.5.0.jar;C:\Users\Alex\.m2\repository\com\google\guava\guava\18.0\guava-18.0.jar;C:\Users\Alex\.m2\repository\org\scala-lang\scala-library\2.11.7\scala-library-2.11.7.jar;C:\Users\Alex\.m2\repository\com\google\inject\guice\3.0\guice-3.0.jar;C:\Users\Alex\.m2\repository\javax\inject\javax.inject\1\javax.inject-1.jar;C:\Users\Alex\.m2\repository\aopalliance\aopalliance\1.0\aopalliance-1.0.jar;C:\Users\Alex\.m2\repository\com\typesafe\config\1.3.0\config-1.3.0.jar;C:\Users\Alex\.m2\repository\org\functionaljava\functionaljava\4.3\functionaljava-4.3.jar;C:\Users\Alex\.m2\repository\org\functionaljava\functionaljava-java8\4.3\functionaljava-java8-4.3.jar;C:\Users\Alex\.m2\repository\com\google\inject\extensions\guice-assistedinject\3.0\guice-assistedinject-3.0.jar;C:\Users\Alex\.m2\repository\org\apache\logging\log4j\log4j-api\2.3\log4j-api-2.3.jar;C:\Users\Alex\.m2\repository\org\apache\logging\log4j\log4j-core\2.3\log4j-core-2.3.jar;C:\Users\Alex\.m2\repository\org\apache\metamodel\MetaModel-core\4.3.3\MetaModel-core-4.3.3.jar;C:\Users\Alex\.m2\repository\org\slf4j\slf4j-api\1.7.7\slf4j-api-1.7.7.jar;C:\Users\Alex\.m2\repository\log4j\log4j\1.2.17\log4j-1.2.17.jar;
Launcher Type: SUN_STANDARD

Environment Variables:
JAVA_HOME=C:\Program Files\Java\jdk1.8.0_45
PATH=C:/Program Files/Java/jre1.8.0_45/bin/server;C:/Program Files/Java/jre1.8.0_45/bin;C:/Program Files/Java/jre1.8.0_45/lib/amd64;C:\ProgramData\Oracle\Java\javapath;C:\Program Files (x86)\Lenovo\FusionEngine;C:\Program Files (x86)\NVIDIA Corporation\PhysX\Common;C:\Program Files (x86)\Intel\iCLS Client\;C:\Program Files\Intel\iCLS Client\;C:\windows\system32;C:\windows;C:\windows\System32\Wbem;C:\windows\System32\WindowsPowerShell\v1.0\;C:\Program Files\Intel\Intel(R) Management Engine Components\DAL;C:\Program Files\Intel\Intel(R) Management Engine Components\IPT;C:\Program Files (x86)\Intel\Intel(R) Management Engine Components\DAL;C:\Program Files (x86)\Intel\Intel(R) Management Engine Components\IPT;C:\Program Files (x86)\Lenovo\Motion Control\;C:\Program Files (x86)\Skype\Phone\;C:\Program Files\Intel\WiFi\bin\;C:\Program Files\Common Files\Intel\WirelessCommon\;S:\Users\Alex\Documents\eclipses\eclipse;
USERNAME=Alex
OS=Windows_NT
PROCESSOR_IDENTIFIER=Intel64 Family 6 Model 60 Stepping 3, GenuineIntel



---------------  S Y S T E M  ---------------

OS: Windows 8.1 , 64 bit Build 9600 (6.3.9600.17415)

CPU:total 8 (4 cores per cpu, 2 threads per core) family 6 model 60 stepping 3, cmov, cx8, fxsr, mmx, sse, sse2, sse3, ssse3, sse4.1, sse4.2, popcnt, avx, avx2, aes, clmul, erms, lzcnt, ht, tsc, tscinvbit, bmi1, bmi2

Memory: 4k page, physical 16687384k(3108228k free), swap 16687384k(5032k free)

vm_info: Java HotSpot(TM) 64-Bit Server VM (25.45-b02) for windows-amd64 JRE (1.8.0_45-b15), built on Apr 30 2015 12:40:44 by "java_re" with MS VC++ 10.0 (VS2010)

time: Wed Sep 30 14:26:48 2015
elapsed time: 15 seconds (0d 0h 0m 15s)

