2015-04-21 10:43:28,965 - [INFO] - from play in pool-4-thread-3 
Listening for HTTP on /0:0:0:0:0:0:0:0:9000

2015-04-21 10:43:31,107 - [INFO] - from play in play-internal-execution-context-1 
Application started (Dev)

2015-04-21 10:43:31,419 - [ERROR] - from akka.actor.ActorSystemImpl in play-akka.actor.default-dispatcher-4 
Uncaught error from thread [play-akka.actor.default-dispatcher-3] shutting down JVM since 'akka.jvm-exit-on-fatal-error' is enabled
java.lang.ExceptionInInitializerError: null
	at controllers.Application.test(Application.java:19) ~[classes/:na]
	at Routes$$anonfun$routes$1$$anonfun$applyOrElse$2$$anonfun$apply$2.apply(routes_routing.scala:74) ~[classes/:na]
	at Routes$$anonfun$routes$1$$anonfun$applyOrElse$2$$anonfun$apply$2.apply(routes_routing.scala:74) ~[classes/:na]
	at play.core.Router$HandlerInvokerFactory$$anon$4.resultCall(Router.scala:264) ~[play_2.11-2.3.8.jar:2.3.8]
	at play.core.Router$HandlerInvokerFactory$JavaActionInvokerFactory$$anon$15$$anon$1.invocation(Router.scala:255) ~[play_2.11-2.3.8.jar:2.3.8]
	at play.core.j.JavaAction$$anon$1.call(JavaAction.scala:55) ~[play_2.11-2.3.8.jar:2.3.8]
	at play.core.j.JavaAction$$anonfun$11.apply(JavaAction.scala:82) ~[play_2.11-2.3.8.jar:2.3.8]
	at play.core.j.JavaAction$$anonfun$11.apply(JavaAction.scala:82) ~[play_2.11-2.3.8.jar:2.3.8]
	at scala.concurrent.impl.Future$PromiseCompletingRunnable.liftedTree1$1(Future.scala:24) ~[scala-library-2.11.1.jar:na]
	at scala.concurrent.impl.Future$PromiseCompletingRunnable.run(Future.scala:24) ~[scala-library-2.11.1.jar:na]
	at play.core.j.HttpExecutionContext$$anon$2.run(HttpExecutionContext.scala:40) ~[play_2.11-2.3.8.jar:2.3.8]
	at play.api.libs.iteratee.Execution$trampoline$.execute(Execution.scala:46) ~[play-iteratees_2.11-2.3.8.jar:2.3.8]
	at play.core.j.HttpExecutionContext.execute(HttpExecutionContext.scala:32) ~[play_2.11-2.3.8.jar:2.3.8]
	at scala.concurrent.impl.Future$.apply(Future.scala:31) ~[scala-library-2.11.1.jar:na]
	at scala.concurrent.Future$.apply(Future.scala:492) ~[scala-library-2.11.1.jar:na]
	at play.core.j.JavaAction$class.apply(JavaAction.scala:82) ~[play_2.11-2.3.8.jar:2.3.8]
	at play.core.Router$HandlerInvokerFactory$JavaActionInvokerFactory$$anon$15$$anon$1.apply(Router.scala:252) ~[play_2.11-2.3.8.jar:2.3.8]
	at play.api.mvc.Action$$anonfun$apply$1$$anonfun$apply$4$$anonfun$apply$5.apply(Action.scala:130) ~[play_2.11-2.3.8.jar:2.3.8]
	at play.api.mvc.Action$$anonfun$apply$1$$anonfun$apply$4$$anonfun$apply$5.apply(Action.scala:130) ~[play_2.11-2.3.8.jar:2.3.8]
	at play.utils.Threads$.withContextClassLoader(Threads.scala:21) ~[play_2.11-2.3.8.jar:2.3.8]
	at play.api.mvc.Action$$anonfun$apply$1$$anonfun$apply$4.apply(Action.scala:129) ~[play_2.11-2.3.8.jar:2.3.8]
	at play.api.mvc.Action$$anonfun$apply$1$$anonfun$apply$4.apply(Action.scala:128) ~[play_2.11-2.3.8.jar:2.3.8]
	at scala.Option.map(Option.scala:145) ~[scala-library-2.11.1.jar:na]
	at play.api.mvc.Action$$anonfun$apply$1.apply(Action.scala:128) ~[play_2.11-2.3.8.jar:2.3.8]
	at play.api.mvc.Action$$anonfun$apply$1.apply(Action.scala:121) ~[play_2.11-2.3.8.jar:2.3.8]
	at play.api.libs.iteratee.Iteratee$$anonfun$mapM$1.apply(Iteratee.scala:483) ~[play-iteratees_2.11-2.3.8.jar:2.3.8]
	at play.api.libs.iteratee.Iteratee$$anonfun$mapM$1.apply(Iteratee.scala:483) ~[play-iteratees_2.11-2.3.8.jar:2.3.8]
	at play.api.libs.iteratee.Iteratee$$anonfun$flatMapM$1.apply(Iteratee.scala:519) ~[play-iteratees_2.11-2.3.8.jar:2.3.8]
	at play.api.libs.iteratee.Iteratee$$anonfun$flatMapM$1.apply(Iteratee.scala:519) ~[play-iteratees_2.11-2.3.8.jar:2.3.8]
	at play.api.libs.iteratee.Iteratee$$anonfun$flatMap$1$$anonfun$apply$14.apply(Iteratee.scala:496) ~[play-iteratees_2.11-2.3.8.jar:2.3.8]
	at play.api.libs.iteratee.Iteratee$$anonfun$flatMap$1$$anonfun$apply$14.apply(Iteratee.scala:496) ~[play-iteratees_2.11-2.3.8.jar:2.3.8]
	at scala.concurrent.impl.Future$PromiseCompletingRunnable.liftedTree1$1(Future.scala:24) ~[scala-library-2.11.1.jar:na]
	at scala.concurrent.impl.Future$PromiseCompletingRunnable.run(Future.scala:24) ~[scala-library-2.11.1.jar:na]
	at akka.dispatch.TaskInvocation.run(AbstractDispatcher.scala:41) ~[akka-actor_2.11-2.3.4.jar:na]
	at akka.dispatch.ForkJoinExecutorConfigurator$AkkaForkJoinTask.exec(AbstractDispatcher.scala:393) [akka-actor_2.11-2.3.4.jar:na]
	at scala.concurrent.forkjoin.ForkJoinTask.doExec(ForkJoinTask.java:260) [scala-library-2.11.1.jar:na]
	at scala.concurrent.forkjoin.ForkJoinPool$WorkQueue.runTask(ForkJoinPool.java:1339) [scala-library-2.11.1.jar:na]
	at scala.concurrent.forkjoin.ForkJoinPool.runWorker(ForkJoinPool.java:1979) [scala-library-2.11.1.jar:na]
	at scala.concurrent.forkjoin.ForkJoinWorkerThread.run(ForkJoinWorkerThread.java:107) [scala-library-2.11.1.jar:na]
Caused by: com.google.inject.CreationException: Guice creation errors:

1) No implementation for com.ikanow.aleph2.data_model.interfaces.data_layers.IColumnarDbService was bound.
  while locating com.ikanow.aleph2.data_model.interfaces.data_layers.IColumnarDbService
    for parameter 0 at com.ikanow.aleph2.access_manager.data_access.AccessContext.<init>(AccessContext.java:31)
  at com.ikanow.aleph2.access_manager.data_access.AccessModule.configure(AccessModule.java:14)

2) No implementation for com.ikanow.aleph2.data_model.interfaces.data_layers.IDocumentDbService was bound.
  while locating com.ikanow.aleph2.data_model.interfaces.data_layers.IDocumentDbService
    for parameter 1 at com.ikanow.aleph2.access_manager.data_access.AccessContext.<init>(AccessContext.java:31)
  at com.ikanow.aleph2.access_manager.data_access.AccessModule.configure(AccessModule.java:14)

3) No implementation for com.ikanow.aleph2.data_model.interfaces.data_layers.IGeospatialService was bound.
  while locating com.ikanow.aleph2.data_model.interfaces.data_layers.IGeospatialService
    for parameter 2 at com.ikanow.aleph2.access_manager.data_access.AccessContext.<init>(AccessContext.java:31)
  at com.ikanow.aleph2.access_manager.data_access.AccessModule.configure(AccessModule.java:14)

4) No implementation for com.ikanow.aleph2.data_model.interfaces.data_layers.IGraphDbService was bound.
  while locating com.ikanow.aleph2.data_model.interfaces.data_layers.IGraphDbService
    for parameter 3 at com.ikanow.aleph2.access_manager.data_access.AccessContext.<init>(AccessContext.java:31)
  at com.ikanow.aleph2.access_manager.data_access.AccessModule.configure(AccessModule.java:14)

5) No implementation for com.ikanow.aleph2.data_model.interfaces.data_layers.IManagementDbService was bound.
  while locating com.ikanow.aleph2.data_model.interfaces.data_layers.IManagementDbService
    for parameter 4 at com.ikanow.aleph2.access_manager.data_access.AccessContext.<init>(AccessContext.java:31)
  at com.ikanow.aleph2.access_manager.data_access.AccessModule.configure(AccessModule.java:14)

6) No implementation for com.ikanow.aleph2.data_model.interfaces.data_layers.ISearchIndexService was bound.
  while locating com.ikanow.aleph2.data_model.interfaces.data_layers.ISearchIndexService
    for parameter 5 at com.ikanow.aleph2.access_manager.data_access.AccessContext.<init>(AccessContext.java:31)
  at com.ikanow.aleph2.access_manager.data_access.AccessModule.configure(AccessModule.java:14)

7) No implementation for com.ikanow.aleph2.data_model.interfaces.data_layers.IStorageService was bound.
  while locating com.ikanow.aleph2.data_model.interfaces.data_layers.IStorageService
    for parameter 6 at com.ikanow.aleph2.access_manager.data_access.AccessContext.<init>(AccessContext.java:31)
  at com.ikanow.aleph2.access_manager.data_access.AccessModule.configure(AccessModule.java:14)

7 errors
	at com.google.inject.internal.Errors.throwCreationExceptionIfErrorsExist(Errors.java:435) ~[guice-3.0.jar:na]
	at com.google.inject.internal.InternalInjectorCreator.initializeStatically(InternalInjectorCreator.java:154) ~[guice-3.0.jar:na]
	at com.google.inject.internal.InternalInjectorCreator.build(InternalInjectorCreator.java:106) ~[guice-3.0.jar:na]
	at com.google.inject.Guice.createInjector(Guice.java:95) ~[guice-3.0.jar:na]
	at com.google.inject.Guice.createInjector(Guice.java:72) ~[guice-3.0.jar:na]
	at com.google.inject.Guice.createInjector(Guice.java:62) ~[guice-3.0.jar:na]
	at com.ikanow.aleph2.access_manager.data_access.AccessDriver.<clinit>(AccessDriver.java:11) ~[aleph2_access_manager-0.0.1-SNAPSHOT.jar:na]
	... 39 common frames omitted

